[INFO] Scanning for projects...
[INFO] 
[INFO] -------------------< com.wellness:wellness-backend >--------------------
[INFO] Building wellness-backend 0.0.1-SNAPSHOT
[INFO]   from pom.xml
[INFO] --------------------------------[ jar ]---------------------------------
[INFO] 
[INFO] --- resources:3.3.1:resources (default-resources) @ wellness-backend ---
[INFO] Copying 1 resource from src\main\resources to target\classes
[INFO] Copying 0 resource from src\main\resources to target\classes
[INFO] 
[INFO] --- compiler:3.13.0:compile (default-compile) @ wellness-backend ---
[INFO] Recompiling the module because of changed source code.
[INFO] Compiling 13 source files with javac [debug parameters release 17] to target\classes
[INFO] -------------------------------------------------------------
[ERROR] COMPILATION ERROR : 
[INFO] -------------------------------------------------------------
[ERROR] /D:/NewP/Java/wellness-backend/src/main/java/com/wellness/dto/RegisterRequest.java:[3,14] package lombok does not exist
[ERROR] /D:/NewP/Java/wellness-backend/src/main/java/com/wellness/dto/RegisterRequest.java:[4,14] package lombok does not exist
[ERROR] /D:/NewP/Java/wellness-backend/src/main/java/com/wellness/dto/RegisterRequest.java:[5,14] package lombok does not exist
[ERROR] /D:/NewP/Java/wellness-backend/src/main/java/com/wellness/dto/RegisterRequest.java:[7,2] cannot find symbol
  symbol: class Data
[ERROR] /D:/NewP/Java/wellness-backend/src/main/java/com/wellness/dto/RegisterRequest.java:[8,2] cannot find symbol
  symbol: class NoArgsConstructor
[ERROR] /D:/NewP/Java/wellness-backend/src/main/java/com/wellness/dto/RegisterRequest.java:[9,2] cannot find symbol
  symbol: class AllArgsConstructor
[ERROR] /D:/NewP/Java/wellness-backend/src/main/java/com/wellness/dto/AuthResponse.java:[3,14] package lombok does not exist
[ERROR] /D:/NewP/Java/wellness-backend/src/main/java/com/wellness/dto/AuthResponse.java:[4,14] package lombok does not exist
[ERROR] /D:/NewP/Java/wellness-backend/src/main/java/com/wellness/dto/AuthResponse.java:[5,14] package lombok does not exist
[ERROR] /D:/NewP/Java/wellness-backend/src/main/java/com/wellness/dto/AuthResponse.java:[7,2] cannot find symbol
  symbol: class Data
[ERROR] /D:/NewP/Java/wellness-backend/src/main/java/com/wellness/dto/AuthResponse.java:[8,2] cannot find symbol
  symbol: class NoArgsConstructor
[ERROR] /D:/NewP/Java/wellness-backend/src/main/java/com/wellness/dto/AuthResponse.java:[9,2] cannot find symbol
  symbol: class AllArgsConstructor
[ERROR] /D:/NewP/Java/wellness-backend/src/main/java/com/wellness/dto/AuthRequest.java:[3,14] package lombok does not exist
[ERROR] /D:/NewP/Java/wellness-backend/src/main/java/com/wellness/dto/AuthRequest.java:[4,14] package lombok does not exist
[ERROR] /D:/NewP/Java/wellness-backend/src/main/java/com/wellness/dto/AuthRequest.java:[5,14] package lombok does not exist
[ERROR] /D:/NewP/Java/wellness-backend/src/main/java/com/wellness/dto/AuthRequest.java:[7,2] cannot find symbol
  symbol: class Data
[ERROR] /D:/NewP/Java/wellness-backend/src/main/java/com/wellness/dto/AuthRequest.java:[8,2] cannot find symbol
  symbol: class NoArgsConstructor
[ERROR] /D:/NewP/Java/wellness-backend/src/main/java/com/wellness/dto/AuthRequest.java:[9,2] cannot find symbol
  symbol: class AllArgsConstructor
[ERROR] /D:/NewP/Java/wellness-backend/src/main/java/com/wellness/service/AuthService.java:[33,47] cannot find symbol
  symbol:   method getEmail()
  location: variable request of type com.wellness.dto.RegisterRequest
[ERROR] /D:/NewP/Java/wellness-backend/src/main/java/com/wellness/service/AuthService.java:[38,29] cannot find symbol
  symbol:   method getName()
  location: variable request of type com.wellness.dto.RegisterRequest
[ERROR] /D:/NewP/Java/wellness-backend/src/main/java/com/wellness/service/AuthService.java:[39,30] cannot find symbol
  symbol:   method getEmail()
  location: variable request of type com.wellness.dto.RegisterRequest
[ERROR] /D:/NewP/Java/wellness-backend/src/main/java/com/wellness/service/AuthService.java:[40,56] cannot find symbol
  symbol:   method getPassword()
  location: variable request of type com.wellness.dto.RegisterRequest
[ERROR] /D:/NewP/Java/wellness-backend/src/main/java/com/wellness/service/AuthService.java:[41,31] cannot find symbol
  symbol:   method getGender()
  location: variable request of type com.wellness.dto.RegisterRequest
[ERROR] /D:/NewP/Java/wellness-backend/src/main/java/com/wellness/service/AuthService.java:[42,28] cannot find symbol
  symbol:   method getAge()
  location: variable request of type com.wellness.dto.RegisterRequest
[ERROR] /D:/NewP/Java/wellness-backend/src/main/java/com/wellness/service/AuthService.java:[43,29] cannot find symbol
  symbol:   method getRole()
  location: variable request of type com.wellness.dto.RegisterRequest
[ERROR] /D:/NewP/Java/wellness-backend/src/main/java/com/wellness/service/AuthService.java:[43,57] cannot find symbol
  symbol:   method getRole()
  location: variable request of type com.wellness.dto.RegisterRequest
[ERROR] /D:/NewP/Java/wellness-backend/src/main/java/com/wellness/service/AuthService.java:[44,37] cannot find symbol
  symbol:   method getProfileImage()
  location: variable request of type com.wellness.dto.RegisterRequest
[ERROR] /D:/NewP/Java/wellness-backend/src/main/java/com/wellness/service/AuthService.java:[50,16] constructor AuthResponse in class com.wellness.dto.AuthResponse cannot be applied to given types;
  required: no arguments
  found:    java.lang.String,java.lang.String,java.lang.String,java.lang.String
  reason: actual and formal argument lists differ in length
[ERROR] /D:/NewP/Java/wellness-backend/src/main/java/com/wellness/service/AuthService.java:[55,64] cannot find symbol
  symbol:   method getEmail()
  location: variable request of type com.wellness.dto.AuthRequest
[ERROR] /D:/NewP/Java/wellness-backend/src/main/java/com/wellness/service/AuthService.java:[55,84] cannot find symbol
  symbol:   method getPassword()
  location: variable request of type com.wellness.dto.AuthRequest
[ERROR] /D:/NewP/Java/wellness-backend/src/main/java/com/wellness/service/AuthService.java:[57,55] cannot find symbol
  symbol:   method getEmail()
  location: variable request of type com.wellness.dto.AuthRequest
[ERROR] /D:/NewP/Java/wellness-backend/src/main/java/com/wellness/service/AuthService.java:[61,16] constructor AuthResponse in class com.wellness.dto.AuthResponse cannot be applied to given types;
  required: no arguments
  found:    java.lang.String,java.lang.String,java.lang.String,java.lang.String
  reason: actual and formal argument lists differ in length
[INFO] 32 errors 
[INFO] -------------------------------------------------------------
[INFO] ------------------------------------------------------------------------
[INFO] BUILD FAILURE
[INFO] ------------------------------------------------------------------------
[INFO] Total time:  1.937 s
[INFO] Finished at: 2026-03-04T19:17:25+05:30
[INFO] ------------------------------------------------------------------------
[ERROR] Failed to execute goal org.apache.maven.plugins:maven-compiler-plugin:3.13.0:compile (default-compile) on project wellness-backend: Compilation failure: Compilation failure: 
[ERROR] /D:/NewP/Java/wellness-backend/src/main/java/com/wellness/dto/RegisterRequest.java:[3,14] package lombok does not exist
[ERROR] /D:/NewP/Java/wellness-backend/src/main/java/com/wellness/dto/RegisterRequest.java:[4,14] package lombok does not exist
[ERROR] /D:/NewP/Java/wellness-backend/src/main/java/com/wellness/dto/RegisterRequest.java:[5,14] package lombok does not exist
[ERROR] /D:/NewP/Java/wellness-backend/src/main/java/com/wellness/dto/RegisterRequest.java:[7,2] cannot find symbol
[ERROR]   symbol: class Data
[ERROR] /D:/NewP/Java/wellness-backend/src/main/java/com/wellness/dto/RegisterRequest.java:[8,2] cannot find symbol
[ERROR]   symbol: class NoArgsConstructor
[ERROR] /D:/NewP/Java/wellness-backend/src/main/java/com/wellness/dto/RegisterRequest.java:[9,2] cannot find symbol
[ERROR]   symbol: class AllArgsConstructor
[ERROR] /D:/NewP/Java/wellness-backend/src/main/java/com/wellness/dto/AuthResponse.java:[3,14] package lombok does not exist
[ERROR] /D:/NewP/Java/wellness-backend/src/main/java/com/wellness/dto/AuthResponse.java:[4,14] package lombok does not exist
[ERROR] /D:/NewP/Java/wellness-backend/src/main/java/com/wellness/dto/AuthResponse.java:[5,14] package lombok does not exist
[ERROR] /D:/NewP/Java/wellness-backend/src/main/java/com/wellness/dto/AuthResponse.java:[7,2] cannot find symbol
[ERROR]   symbol: class Data
[ERROR] /D:/NewP/Java/wellness-backend/src/main/java/com/wellness/dto/AuthResponse.java:[8,2] cannot find symbol
[ERROR]   symbol: class NoArgsConstructor
[ERROR] /D:/NewP/Java/wellness-backend/src/main/java/com/wellness/dto/AuthResponse.java:[9,2] cannot find symbol
[ERROR]   symbol: class AllArgsConstructor
[ERROR] /D:/NewP/Java/wellness-backend/src/main/java/com/wellness/dto/AuthRequest.java:[3,14] package lombok does not exist
[ERROR] /D:/NewP/Java/wellness-backend/src/main/java/com/wellness/dto/AuthRequest.java:[4,14] package lombok does not exist
[ERROR] /D:/NewP/Java/wellness-backend/src/main/java/com/wellness/dto/AuthRequest.java:[5,14] package lombok does not exist
[ERROR] /D:/NewP/Java/wellness-backend/src/main/java/com/wellness/dto/AuthRequest.java:[7,2] cannot find symbol
[ERROR]   symbol: class Data
[ERROR] /D:/NewP/Java/wellness-backend/src/main/java/com/wellness/dto/AuthRequest.java:[8,2] cannot find symbol
[ERROR]   symbol: class NoArgsConstructor
[ERROR] /D:/NewP/Java/wellness-backend/src/main/java/com/wellness/dto/AuthRequest.java:[9,2] cannot find symbol
[ERROR]   symbol: class AllArgsConstructor
[ERROR] /D:/NewP/Java/wellness-backend/src/main/java/com/wellness/service/AuthService.java:[33,47] cannot find symbol
[ERROR]   symbol:   method getEmail()
[ERROR]   location: variable request of type com.wellness.dto.RegisterRequest
[ERROR] /D:/NewP/Java/wellness-backend/src/main/java/com/wellness/service/AuthService.java:[38,29] cannot find symbol
[ERROR]   symbol:   method getName()
[ERROR]   location: variable request of type com.wellness.dto.RegisterRequest
[ERROR] /D:/NewP/Java/wellness-backend/src/main/java/com/wellness/service/AuthService.java:[39,30] cannot find symbol
[ERROR]   symbol:   method getEmail()
[ERROR]   location: variable request of type com.wellness.dto.RegisterRequest
[ERROR] /D:/NewP/Java/wellness-backend/src/main/java/com/wellness/service/AuthService.java:[40,56] cannot find symbol
[ERROR]   symbol:   method getPassword()
[ERROR]   location: variable request of type com.wellness.dto.RegisterRequest
[ERROR] /D:/NewP/Java/wellness-backend/src/main/java/com/wellness/service/AuthService.java:[41,31] cannot find symbol
[ERROR]   symbol:   method getGender()
[ERROR]   location: variable request of type com.wellness.dto.RegisterRequest
[ERROR] /D:/NewP/Java/wellness-backend/src/main/java/com/wellness/service/AuthService.java:[42,28] cannot find symbol
[ERROR]   symbol:   method getAge()
[ERROR]   location: variable request of type com.wellness.dto.RegisterRequest
[ERROR] /D:/NewP/Java/wellness-backend/src/main/java/com/wellness/service/AuthService.java:[43,29] cannot find symbol
[ERROR]   symbol:   method getRole()
[ERROR]   location: variable request of type com.wellness.dto.RegisterRequest
[ERROR] /D:/NewP/Java/wellness-backend/src/main/java/com/wellness/service/AuthService.java:[43,57] cannot find symbol
[ERROR]   symbol:   method getRole()
[ERROR]   location: variable request of type com.wellness.dto.RegisterRequest
[ERROR] /D:/NewP/Java/wellness-backend/src/main/java/com/wellness/service/AuthService.java:[44,37] cannot find symbol
[ERROR]   symbol:   method getProfileImage()
[ERROR]   location: variable request of type com.wellness.dto.RegisterRequest
[ERROR] /D:/NewP/Java/wellness-backend/src/main/java/com/wellness/service/AuthService.java:[50,16] constructor AuthResponse in class com.wellness.dto.AuthResponse cannot be applied to given types;
[ERROR]   required: no arguments
[ERROR]   found:    java.lang.String,java.lang.String,java.lang.String,java.lang.String
[ERROR]   reason: actual and formal argument lists differ in length
[ERROR] /D:/NewP/Java/wellness-backend/src/main/java/com/wellness/service/AuthService.java:[55,64] cannot find symbol
[ERROR]   symbol:   method getEmail()
[ERROR]   location: variable request of type com.wellness.dto.AuthRequest
[ERROR] /D:/NewP/Java/wellness-backend/src/main/java/com/wellness/service/AuthService.java:[55,84] cannot find symbol
[ERROR]   symbol:   method getPassword()
[ERROR]   location: variable request of type com.wellness.dto.AuthRequest
[ERROR] /D:/NewP/Java/wellness-backend/src/main/java/com/wellness/service/AuthService.java:[57,55] cannot find symbol
[ERROR]   symbol:   method getEmail()
[ERROR]   location: variable request of type com.wellness.dto.AuthRequest
[ERROR] /D:/NewP/Java/wellness-backend/src/main/java/com/wellness/service/AuthService.java:[61,16] constructor AuthResponse in class com.wellness.dto.AuthResponse cannot be applied to given types;
[ERROR]   required: no arguments
[ERROR]   found:    java.lang.String,java.lang.String,java.lang.String,java.lang.String
[ERROR]   reason: actual and formal argument lists differ in length
[ERROR] -> [Help 1]
[ERROR] 
[ERROR] To see the full stack trace of the errors, re-run Maven with the -e switch.
[ERROR] Re-run Maven using the -X switch to enable full debug logging.
[ERROR] 
[ERROR] For more information about the errors and possible solutions, please read the following articles:
[ERROR] [Help 1] http://cwiki.apache.org/confluence/display/MAVEN/MojoFailureException
