[INFO] Scanning for projects...
[INFO] 
[INFO] -------------------< com.wellness:wellness-backend >--------------------
[INFO] Building wellness-backend 0.0.1-SNAPSHOT
[INFO]   from pom.xml
[INFO] --------------------------------[ jar ]---------------------------------
[INFO] 
[INFO] --- resources:3.3.1:resources (default-resources) @ wellness-backend ---
[INFO] Copying 1 resource from src\main\resources to target\classes
[INFO] Copying 0 resource from src\main\resources to target\classes
[INFO] 
[INFO] --- compiler:3.13.0:compile (default-compile) @ wellness-backend ---
[INFO] Recompiling the module because of changed source code.
[INFO] Compiling 13 source files with javac [debug parameters release 17] to target\classes
[INFO] -------------------------------------------------------------
[ERROR] COMPILATION ERROR : 
[INFO] -------------------------------------------------------------
[ERROR] /D:/NewP/Java/wellness-backend/src/main/java/com/wellness/service/AuthService.java:[33,47] cannot find symbol
  symbol:   method getEmail()
  location: variable request of type com.wellness.dto.RegisterRequest
[ERROR] /D:/NewP/Java/wellness-backend/src/main/java/com/wellness/service/AuthService.java:[38,29] cannot find symbol
  symbol:   method getName()
  location: variable request of type com.wellness.dto.RegisterRequest
[ERROR] /D:/NewP/Java/wellness-backend/src/main/java/com/wellness/service/AuthService.java:[39,30] cannot find symbol
  symbol:   method getEmail()
  location: variable request of type com.wellness.dto.RegisterRequest
[ERROR] /D:/NewP/Java/wellness-backend/src/main/java/com/wellness/service/AuthService.java:[40,56] cannot find symbol
  symbol:   method getPassword()
  location: variable request of type com.wellness.dto.RegisterRequest
[ERROR] /D:/NewP/Java/wellness-backend/src/main/java/com/wellness/service/AuthService.java:[41,31] cannot find symbol
  symbol:   method getGender()
  location: variable request of type com.wellness.dto.RegisterRequest
[ERROR] /D:/NewP/Java/wellness-backend/src/main/java/com/wellness/service/AuthService.java:[42,28] cannot find symbol
  symbol:   method getAge()
  location: variable request of type com.wellness.dto.RegisterRequest
[ERROR] /D:/NewP/Java/wellness-backend/src/main/java/com/wellness/service/AuthService.java:[43,13] cannot find symbol
  symbol:   method setRole(request.ge[...]IENT")
  location: variable user of type com.wellness.model.User
[ERROR] /D:/NewP/Java/wellness-backend/src/main/java/com/wellness/service/AuthService.java:[43,29] cannot find symbol
  symbol:   method getRole()
  location: variable request of type com.wellness.dto.RegisterRequest
[ERROR] /D:/NewP/Java/wellness-backend/src/main/java/com/wellness/service/AuthService.java:[43,57] cannot find symbol
  symbol:   method getRole()
  location: variable request of type com.wellness.dto.RegisterRequest
[ERROR] /D:/NewP/Java/wellness-backend/src/main/java/com/wellness/service/AuthService.java:[44,37] cannot find symbol
  symbol:   method getProfileImage()
  location: variable request of type com.wellness.dto.RegisterRequest
[ERROR] /D:/NewP/Java/wellness-backend/src/main/java/com/wellness/service/AuthService.java:[45,13] cannot find symbol
  symbol:   method setCreatedAt(java.time.LocalDateTime)
  location: variable user of type com.wellness.model.User
[ERROR] /D:/NewP/Java/wellness-backend/src/main/java/com/wellness/service/AuthService.java:[49,50] cannot find symbol
  symbol:   method getEmail()
  location: variable user of type com.wellness.model.User
[ERROR] /D:/NewP/Java/wellness-backend/src/main/java/com/wellness/service/AuthService.java:[50,77] cannot find symbol
  symbol:   method getRole()
  location: variable user of type com.wellness.model.User
[ERROR] /D:/NewP/Java/wellness-backend/src/main/java/com/wellness/service/AuthService.java:[50,60] cannot find symbol
  symbol:   method getEmail()
  location: variable user of type com.wellness.model.User
[ERROR] /D:/NewP/Java/wellness-backend/src/main/java/com/wellness/service/AuthService.java:[50,44] cannot find symbol
  symbol:   method getName()
  location: variable user of type com.wellness.model.User
[ERROR] /D:/NewP/Java/wellness-backend/src/main/java/com/wellness/service/AuthService.java:[55,64] cannot find symbol
  symbol:   method getEmail()
  location: variable request of type com.wellness.dto.AuthRequest
[ERROR] /D:/NewP/Java/wellness-backend/src/main/java/com/wellness/service/AuthService.java:[55,84] cannot find symbol
  symbol:   method getPassword()
  location: variable request of type com.wellness.dto.AuthRequest
[ERROR] /D:/NewP/Java/wellness-backend/src/main/java/com/wellness/service/AuthService.java:[57,55] cannot find symbol
  symbol:   method getEmail()
  location: variable request of type com.wellness.dto.AuthRequest
[ERROR] /D:/NewP/Java/wellness-backend/src/main/java/com/wellness/service/AuthService.java:[60,50] cannot find symbol
  symbol:   method getEmail()
  location: variable user of type com.wellness.model.User
[ERROR] /D:/NewP/Java/wellness-backend/src/main/java/com/wellness/service/AuthService.java:[61,77] cannot find symbol
  symbol:   method getRole()
  location: variable user of type com.wellness.model.User
[ERROR] /D:/NewP/Java/wellness-backend/src/main/java/com/wellness/service/AuthService.java:[61,60] cannot find symbol
  symbol:   method getEmail()
  location: variable user of type com.wellness.model.User
[ERROR] /D:/NewP/Java/wellness-backend/src/main/java/com/wellness/service/AuthService.java:[61,44] cannot find symbol
  symbol:   method getName()
  location: variable user of type com.wellness.model.User
[ERROR] /D:/NewP/Java/wellness-backend/src/main/java/com/wellness/service/CustomUserDetailsService.java:[26,21] cannot find symbol
  symbol:   method getEmail()
  location: variable user of type com.wellness.model.User
[ERROR] /D:/NewP/Java/wellness-backend/src/main/java/com/wellness/service/CustomUserDetailsService.java:[27,21] cannot find symbol
  symbol:   method getPassword()
  location: variable user of type com.wellness.model.User
[ERROR] /D:/NewP/Java/wellness-backend/src/main/java/com/wellness/service/CustomUserDetailsService.java:[28,84] cannot find symbol
  symbol:   method getRole()
  location: variable user of type com.wellness.model.User
[INFO] 25 errors 
[INFO] -------------------------------------------------------------
[INFO] ------------------------------------------------------------------------
[INFO] BUILD FAILURE
[INFO] ------------------------------------------------------------------------
[INFO] Total time:  2.021 s
[INFO] Finished at: 2026-02-24T09:42:12+05:30
[INFO] ------------------------------------------------------------------------
[ERROR] Failed to execute goal org.apache.maven.plugins:maven-compiler-plugin:3.13.0:compile (default-compile) on project wellness-backend: Compilation failure: Compilation failure: 
[ERROR] /D:/NewP/Java/wellness-backend/src/main/java/com/wellness/service/AuthService.java:[33,47] cannot find symbol
[ERROR]   symbol:   method getEmail()
[ERROR]   location: variable request of type com.wellness.dto.RegisterRequest
[ERROR] /D:/NewP/Java/wellness-backend/src/main/java/com/wellness/service/AuthService.java:[38,29] cannot find symbol
[ERROR]   symbol:   method getName()
[ERROR]   location: variable request of type com.wellness.dto.RegisterRequest
[ERROR] /D:/NewP/Java/wellness-backend/src/main/java/com/wellness/service/AuthService.java:[39,30] cannot find symbol
[ERROR]   symbol:   method getEmail()
[ERROR]   location: variable request of type com.wellness.dto.RegisterRequest
[ERROR] /D:/NewP/Java/wellness-backend/src/main/java/com/wellness/service/AuthService.java:[40,56] cannot find symbol
[ERROR]   symbol:   method getPassword()
[ERROR]   location: variable request of type com.wellness.dto.RegisterRequest
[ERROR] /D:/NewP/Java/wellness-backend/src/main/java/com/wellness/service/AuthService.java:[41,31] cannot find symbol
[ERROR]   symbol:   method getGender()
[ERROR]   location: variable request of type com.wellness.dto.RegisterRequest
[ERROR] /D:/NewP/Java/wellness-backend/src/main/java/com/wellness/service/AuthService.java:[42,28] cannot find symbol
[ERROR]   symbol:   method getAge()
[ERROR]   location: variable request of type com.wellness.dto.RegisterRequest
[ERROR] /D:/NewP/Java/wellness-backend/src/main/java/com/wellness/service/AuthService.java:[43,13] cannot find symbol
[ERROR]   symbol:   method setRole(request.ge[...]IENT")
[ERROR]   location: variable user of type com.wellness.model.User
[ERROR] /D:/NewP/Java/wellness-backend/src/main/java/com/wellness/service/AuthService.java:[43,29] cannot find symbol
[ERROR]   symbol:   method getRole()
[ERROR]   location: variable request of type com.wellness.dto.RegisterRequest
[ERROR] /D:/NewP/Java/wellness-backend/src/main/java/com/wellness/service/AuthService.java:[43,57] cannot find symbol
[ERROR]   symbol:   method getRole()
[ERROR]   location: variable request of type com.wellness.dto.RegisterRequest
[ERROR] /D:/NewP/Java/wellness-backend/src/main/java/com/wellness/service/AuthService.java:[44,37] cannot find symbol
[ERROR]   symbol:   method getProfileImage()
[ERROR]   location: variable request of type com.wellness.dto.RegisterRequest
[ERROR] /D:/NewP/Java/wellness-backend/src/main/java/com/wellness/service/AuthService.java:[45,13] cannot find symbol
[ERROR]   symbol:   method setCreatedAt(java.time.LocalDateTime)
[ERROR]   location: variable user of type com.wellness.model.User
[ERROR] /D:/NewP/Java/wellness-backend/src/main/java/com/wellness/service/AuthService.java:[49,50] cannot find symbol
[ERROR]   symbol:   method getEmail()
[ERROR]   location: variable user of type com.wellness.model.User
[ERROR] /D:/NewP/Java/wellness-backend/src/main/java/com/wellness/service/AuthService.java:[50,77] cannot find symbol
[ERROR]   symbol:   method getRole()
[ERROR]   location: variable user of type com.wellness.model.User
[ERROR] /D:/NewP/Java/wellness-backend/src/main/java/com/wellness/service/AuthService.java:[50,60] cannot find symbol
[ERROR]   symbol:   method getEmail()
[ERROR]   location: variable user of type com.wellness.model.User
[ERROR] /D:/NewP/Java/wellness-backend/src/main/java/com/wellness/service/AuthService.java:[50,44] cannot find symbol
[ERROR]   symbol:   method getName()
[ERROR]   location: variable user of type com.wellness.model.User
[ERROR] /D:/NewP/Java/wellness-backend/src/main/java/com/wellness/service/AuthService.java:[55,64] cannot find symbol
[ERROR]   symbol:   method getEmail()
[ERROR]   location: variable request of type com.wellness.dto.AuthRequest
[ERROR] /D:/NewP/Java/wellness-backend/src/main/java/com/wellness/service/AuthService.java:[55,84] cannot find symbol
[ERROR]   symbol:   method getPassword()
[ERROR]   location: variable request of type com.wellness.dto.AuthRequest
[ERROR] /D:/NewP/Java/wellness-backend/src/main/java/com/wellness/service/AuthService.java:[57,55] cannot find symbol
[ERROR]   symbol:   method getEmail()
[ERROR]   location: variable request of type com.wellness.dto.AuthRequest
[ERROR] /D:/NewP/Java/wellness-backend/src/main/java/com/wellness/service/AuthService.java:[60,50] cannot find symbol
[ERROR]   symbol:   method getEmail()
[ERROR]   location: variable user of type com.wellness.model.User
[ERROR] /D:/NewP/Java/wellness-backend/src/main/java/com/wellness/service/AuthService.java:[61,77] cannot find symbol
[ERROR]   symbol:   method getRole()
[ERROR]   location: variable user of type com.wellness.model.User
[ERROR] /D:/NewP/Java/wellness-backend/src/main/java/com/wellness/service/AuthService.java:[61,60] cannot find symbol
[ERROR]   symbol:   method getEmail()
[ERROR]   location: variable user of type com.wellness.model.User
[ERROR] /D:/NewP/Java/wellness-backend/src/main/java/com/wellness/service/AuthService.java:[61,44] cannot find symbol
[ERROR]   symbol:   method getName()
[ERROR]   location: variable user of type com.wellness.model.User
[ERROR] /D:/NewP/Java/wellness-backend/src/main/java/com/wellness/service/CustomUserDetailsService.java:[26,21] cannot find symbol
[ERROR]   symbol:   method getEmail()
[ERROR]   location: variable user of type com.wellness.model.User
[ERROR] /D:/NewP/Java/wellness-backend/src/main/java/com/wellness/service/CustomUserDetailsService.java:[27,21] cannot find symbol
[ERROR]   symbol:   method getPassword()
[ERROR]   location: variable user of type com.wellness.model.User
[ERROR] /D:/NewP/Java/wellness-backend/src/main/java/com/wellness/service/CustomUserDetailsService.java:[28,84] cannot find symbol
[ERROR]   symbol:   method getRole()
[ERROR]   location: variable user of type com.wellness.model.User
[ERROR] -> [Help 1]
[ERROR] 
[ERROR] To see the full stack trace of the errors, re-run Maven with the -e switch.
[ERROR] Re-run Maven using the -X switch to enable full debug logging.
[ERROR] 
[ERROR] For more information about the errors and possible solutions, please read the following articles:
[ERROR] [Help 1] http://cwiki.apache.org/confluence/display/MAVEN/MojoFailureException
